local queue: 57 cells, 11 workers (of 14 cores, 20% reserved)
[1/57] end poly_r-0.35_x100_s7 rc=0 (95s)
[2/57] end poly_r-0.35_x100_s11 rc=0 (95s)
[3/57] end poly_r-0.35_x100_s13 rc=0 (95s)
[4/57] end poly_r-0.35_x400_s7 rc=0 (263s)
[5/57] end poly_r-0.35_x400_s11 rc=0 (263s)
[6/57] end poly_r-0.35_x400_s13 rc=0 (264s)
[7/57] end poly_r-0.35_x1600_s7 rc=0 (986s)
[8/57] end poly_r-0.35_x1600_s11 rc=0 (990s)
[9/57] end poly_r-0.35_x1600_s13 rc=0 (984s)
[10/57] end poly_r-0.3_x100_s7 rc=0 (96s)
[11/57] end poly_r-0.3_x100_s11 rc=0 (95s)
[12/57] end poly_r-0.3_x100_s13 rc=0 (88s)
[13/57] end poly_r-0.3_x400_s7 rc=0 (258s)
[14/57] end poly_r-0.3_x400_s11 rc=0 (258s)
[15/57] end poly_r-0.3_x400_s13 rc=0 (257s)
[16/57] end poly_r-0.3_x1600_s7 rc=0 (898s)
[17/57] end poly_r-0.3_x1600_s11 rc=0 (1010s)
[18/57] end poly_r-0.3_x1600_s13 rc=0 (974s)
[19/57] end poly_r-0.25_x100_s7 rc=0 (88s)
[20/57] end poly_r-0.25_x100_s11 rc=0 (77s)
[21/57] end poly_r-0.25_x100_s13 rc=0 (89s)
[22/57] end poly_r-0.25_x400_s7 rc=0 (265s)
[23/57] end poly_r-0.25_x400_s11 rc=0 (265s)
[24/57] end poly_r-0.25_x400_s13 rc=0 (264s)
[25/57] end poly_r-0.25_x1600_s7 rc=0 (956s)
[26/57] end poly_r-0.25_x1600_s11 rc=0 (982s)
[27/57] end poly_r-0.25_x1600_s13 rc=0 (952s)
[28/57] end poly_r-0.2_x100_s7 rc=0 (91s)
[29/57] end poly_r-0.2_x100_s11 rc=0 (92s)
[30/57] end poly_r-0.2_x100_s13 rc=0 (98s)
[31/57] end poly_r-0.2_x400_s7 rc=0 (294s)
[32/57] end poly_r-0.2_x400_s11 rc=0 (292s)
[33/57] end poly_r-0.2_x400_s13 rc=0 (249s)
[34/57] end poly_r-0.2_x1600_s7 rc=0 (876s)
[35/57] end poly_r-0.2_x1600_s11 rc=0 (873s)
[36/57] end poly_r-0.2_x1600_s13 rc=0 (873s)
[37/57] end poly_r-0.15_x100_s7 rc=0 (100s)
[38/57] end poly_r-0.15_x100_s11 rc=0 (98s)
[39/57] end poly_r-0.15_x100_s13 rc=0 (98s)
[40/57] end poly_r-0.15_x400_s7 rc=0 (224s)
[41/57] end poly_r-0.15_x400_s11 rc=0 (224s)
[42/57] end poly_r-0.15_x400_s13 rc=0 (223s)
[43/57] end poly_r-0.15_x1600_s7 rc=0 (786s)
[44/57] end poly_r-0.15_x1600_s11 rc=0 (787s)
[45/57] end poly_r-0.15_x1600_s13 rc=0 (773s)
[46/57] end quad_r-0.35 rc=0 (257s)
[47/57] end quad_r-0.3 rc=0 (256s)
[48/57] end quad_r-0.25 rc=0 (257s)
[49/57] end quad_r-0.2 rc=0 (257s)
[50/57] end cyc_a0.005_s7 rc=0 (227s)
[51/57] end cyc_a0.005_s11 rc=0 (226s)
[52/57] end cyc_a0.01_s7 rc=0 (392s)
[53/57] end cyc_a0.01_s11 rc=0 (391s)
[54/57] end cyc_a0.02_s7 rc=0 (689s)
[55/57] end cyc_a0.02_s11 rc=0 (656s)
[56/57] end cyc_a0.03_s7 rc=0 (893s)
[57/57] end cyc_a0.03_s11 rc=0 (891s)
queue done in 45.9 min
