[b4_pore] eps=0 cores=1
[b4_pore] exx= 0.25% sigma=+0.00124 cores=2
[b4_pore] exx= 0.50% sigma=+0.00173 cores=2
[b4_pore] exx= 0.75% sigma=+0.00222 cores=2
[b4_pore] exx= 1.00% sigma=+0.00272 cores=0
[b4_pore] exx= 1.26% sigma=+0.00320 cores=0
[b4_pore] exx= 1.51% sigma=+0.00368 cores=0
[b4_pore] exx= 1.76% sigma=+0.00416 cores=0
[b4_pore] exx= 2.02% sigma=+0.00462 cores=0
[b4_pore] exx= 2.27% sigma=+0.00509 cores=0
[b4_pore] exx= 2.53% sigma=+0.00554 cores=0
[b4_pore] exx= 2.78% sigma=+0.00599 cores=0
[b4_pore] exx= 3.04% sigma=+0.00644 cores=0
[b4_pore] exx= 3.30% sigma=+0.00688 cores=0
[b4_pore] exx= 3.56% sigma=+0.00731 cores=0
[b4_pore] exx= 3.82% sigma=+0.00773 cores=0
[b4_pore] exx= 4.08% sigma=+0.00814 cores=0
[b4_pore] exx= 4.34% sigma=+0.00855 cores=0
[b4_pore] exx= 4.60% sigma=+0.00895 cores=0
[b4_pore] exx= 4.86% sigma=+0.00934 cores=0
[b4_pore] exx= 5.12% sigma=+0.00972 cores=0
[b4_pore] exx= 5.38% sigma=+0.01008 cores=0
[b4_pore] exx= 5.65% sigma=+0.01044 cores=0
[b4_pore] exx= 5.91% sigma=+0.01079 cores=0
[b4_pore] exx= 6.18% sigma=+0.01113 cores=0
[b4_pore] exx= 6.44% sigma=+0.01145 cores=0
[b4_pore] exx= 6.71% sigma=+0.01176 cores=0
[b4_pore] exx= 6.97% sigma=+0.01206 cores=0
[b4_pore] exx= 7.24% sigma=+0.01235 cores=0
[b4_pore] exx= 7.51% sigma=+0.01262 cores=0
[b4_pore] exx= 7.78% sigma=+0.01288 cores=0
[b4_pore] exx= 8.05% sigma=+0.01313 cores=0
[b4_pore] exx= 8.32% sigma=+0.01336 cores=0
[b4_pore] exx= 8.59% sigma=+0.01357 cores=0
[b4_pore] exx= 8.86% sigma=+0.01377 cores=0
[b4_pore] exx= 9.13% sigma=+0.01395 cores=0
[b4_pore] exx= 9.41% sigma=+0.01412 cores=0
[b4_pore] exx= 9.68% sigma=+0.01427 cores=0
[b4_pore] exx= 9.95% sigma=+0.01441 cores=0
[b4_pore] exx=10.23% sigma=+0.01452 cores=0
[b4_pore] exx=10.50% sigma=+0.01463 cores=0
[b4_pore] done in 295s
[b4_noise] eps=0 cores=0
[b4_noise] exx= 0.25% sigma=+0.00128 cores=0
[b4_noise] exx= 0.50% sigma=+0.00177 cores=0
[b4_noise] exx= 0.75% sigma=+0.00226 cores=0
[b4_noise] exx= 1.00% sigma=+0.00275 cores=0
[b4_noise] exx= 1.26% sigma=+0.00324 cores=0
[b4_noise] exx= 1.51% sigma=+0.00372 cores=0
[b4_noise] exx= 1.76% sigma=+0.00420 cores=0
[b4_noise] exx= 2.02% sigma=+0.00466 cores=0
[b4_noise] exx= 2.27% sigma=+0.00513 cores=0
[b4_noise] exx= 2.53% sigma=+0.00559 cores=0
[b4_noise] exx= 2.78% sigma=+0.00604 cores=0
[b4_noise] exx= 3.04% sigma=+0.00649 cores=0
[b4_noise] exx= 3.30% sigma=+0.00693 cores=0
[b4_noise] exx= 3.56% sigma=+0.00737 cores=0
[b4_noise] exx= 3.82% sigma=+0.00778 cores=0
[b4_noise] exx= 4.08% sigma=+0.00821 cores=0
[b4_noise] exx= 4.34% sigma=+0.00862 cores=0
[b4_noise] exx= 4.60% sigma=+0.00901 cores=0
[b4_noise] exx= 4.86% sigma=+0.00941 cores=0
[b4_noise] exx= 5.12% sigma=+0.00979 cores=0
[b4_noise] exx= 5.38% sigma=+0.01016 cores=0
[b4_noise] exx= 5.65% sigma=+0.01051 cores=0
[b4_noise] exx= 5.91% sigma=+0.01086 cores=0
[b4_noise] exx= 6.18% sigma=+0.01120 cores=0
[b4_noise] exx= 6.44% sigma=+0.01153 cores=0
[b4_noise] exx= 6.71% sigma=+0.01184 cores=0
[b4_noise] exx= 6.97% sigma=+0.01215 cores=0
[b4_noise] exx= 7.24% sigma=+0.01244 cores=0
[b4_noise] exx= 7.51% sigma=+0.01272 cores=0
[b4_noise] exx= 7.78% sigma=+0.01297 cores=0
[b4_noise] exx= 8.05% sigma=+0.01322 cores=0
[b4_noise] exx= 8.32% sigma=+0.01344 cores=0
[b4_noise] exx= 8.59% sigma=+0.01367 cores=0
[b4_noise] exx= 8.86% sigma=+0.01386 cores=0
[b4_noise] exx= 9.13% sigma=+0.01405 cores=0
[b4_noise] exx= 9.41% sigma=+0.01422 cores=0
[b4_noise] exx= 9.68% sigma=+0.01437 cores=0
[b4_noise] exx= 9.95% sigma=+0.01451 cores=0
[b4_noise] exx=10.23% sigma=+0.01463 cores=0
[b4_noise] exx=10.50% sigma=+0.01473 cores=0
[b4_noise] done in 307s
[b5_rate_fast] eps=0 cores=192
[b5_rate_fast] exx= 0.25% sigma=+0.00082 cores=191
[b5_rate_fast] exx= 0.50% sigma=+0.00119 cores=190
[b5_rate_fast] exx= 0.75% sigma=+0.00154 cores=191
[b5_rate_fast] exx= 1.00% sigma=+0.00187 cores=192
[b5_rate_fast] exx= 1.26% sigma=+0.00219 cores=187
[b5_rate_fast] exx= 1.51% sigma=+0.00249 cores=189
[b5_rate_fast] exx= 1.76% sigma=+0.00277 cores=188
[b5_rate_fast] exx= 2.02% sigma=+0.00302 cores=186
[b5_rate_fast] exx= 2.27% sigma=+0.00326 cores=183
[b5_rate_fast] exx= 2.53% sigma=+0.00348 cores=182
[b5_rate_fast] exx= 2.78% sigma=+0.00368 cores=184
[b5_rate_fast] exx= 3.04% sigma=+0.00388 cores=180
[b5_rate_fast] exx= 3.30% sigma=+0.00405 cores=181
[b5_rate_fast] exx= 3.56% sigma=+0.00419 cores=178
[b5_rate_fast] exx= 3.82% sigma=+0.00432 cores=173
[b5_rate_fast] exx= 4.08% sigma=+0.00444 cores=174
[b5_rate_fast] exx= 4.34% sigma=+0.00456 cores=172
[b5_rate_fast] exx= 4.60% sigma=+0.00467 cores=174
[b5_rate_fast] exx= 4.86% sigma=+0.00477 cores=173
[b5_rate_fast] exx= 5.12% sigma=+0.00489 cores=175
[b5_rate_fast] exx= 5.38% sigma=+0.00500 cores=171
[b5_rate_fast] exx= 5.65% sigma=+0.00510 cores=174
[b5_rate_fast] exx= 5.91% sigma=+0.00518 cores=171
[b5_rate_fast] exx= 6.18% sigma=+0.00525 cores=170
[b5_rate_fast] exx= 6.44% sigma=+0.00529 cores=165
[b5_rate_fast] exx= 6.71% sigma=+0.00535 cores=161
[b5_rate_fast] exx= 6.97% sigma=+0.00542 cores=164
[b5_rate_fast] exx= 7.24% sigma=+0.00548 cores=162
[b5_rate_fast] exx= 7.51% sigma=+0.00551 cores=156
[b5_rate_fast] exx= 7.78% sigma=+0.00555 cores=155
[b5_rate_fast] exx= 8.05% sigma=+0.00560 cores=151
[b5_rate_fast] exx= 8.32% sigma=+0.00565 cores=150
[b5_rate_fast] exx= 8.59% sigma=+0.00570 cores=148
[b5_rate_fast] exx= 8.86% sigma=+0.00572 cores=147
[b5_rate_fast] exx= 9.13% sigma=+0.00574 cores=150
[b5_rate_fast] exx= 9.41% sigma=+0.00575 cores=149
[b5_rate_fast] exx= 9.68% sigma=+0.00574 cores=143
[b5_rate_fast] exx= 9.95% sigma=+0.00576 cores=142
[b5_rate_fast] exx=10.23% sigma=+0.00580 cores=143
[b5_rate_fast] exx=10.50% sigma=+0.00585 cores=145
[b5_rate_fast] done in 125s
[b5_rate_slow] eps=0 cores=192
[b5_rate_slow] exx= 0.25% sigma=+0.00068 cores=182
[b5_rate_slow] exx= 0.50% sigma=+0.00084 cores=168
[b5_rate_slow] exx= 0.75% sigma=+0.00106 cores=162
[b5_rate_slow] exx= 1.00% sigma=+0.00113 cores=153
[b5_rate_slow] exx= 1.26% sigma=+0.00129 cores=148
[b5_rate_slow] exx= 1.51% sigma=+0.00148 cores=139
[b5_rate_slow] exx= 1.76% sigma=+0.00169 cores=136
[b5_rate_slow] exx= 2.02% sigma=+0.00183 cores=137
[b5_rate_slow] exx= 2.27% sigma=+0.00199 cores=131
[b5_rate_slow] exx= 2.53% sigma=+0.00204 cores=129
[b5_rate_slow] exx= 2.78% sigma=+0.00213 cores=126
[b5_rate_slow] exx= 3.04% sigma=+0.00225 cores=126
[b5_rate_slow] exx= 3.30% sigma=+0.00233 cores=121
[b5_rate_slow] exx= 3.56% sigma=+0.00240 cores=121
[b5_rate_slow] exx= 3.82% sigma=+0.00242 cores=119
[b5_rate_slow] exx= 4.08% sigma=+0.00247 cores=118
[b5_rate_slow] exx= 4.34% sigma=+0.00246 cores=119
[b5_rate_slow] exx= 4.60% sigma=+0.00248 cores=120
[b5_rate_slow] exx= 4.86% sigma=+0.00253 cores=122
[b5_rate_slow] exx= 5.12% sigma=+0.00256 cores=121
[b5_rate_slow] exx= 5.38% sigma=+0.00262 cores=120
[b5_rate_slow] exx= 5.65% sigma=+0.00268 cores=114
[b5_rate_slow] exx= 5.91% sigma=+0.00269 cores=117
[b5_rate_slow] exx= 6.18% sigma=+0.00274 cores=115
[b5_rate_slow] exx= 6.44% sigma=+0.00270 cores=114
[b5_rate_slow] exx= 6.71% sigma=+0.00267 cores=115
[b5_rate_slow] exx= 6.97% sigma=+0.00268 cores=114
[b5_rate_slow] exx= 7.24% sigma=+0.00276 cores=114
[b5_rate_slow] exx= 7.51% sigma=+0.00278 cores=113
[b5_rate_slow] exx= 7.78% sigma=+0.00270 cores=112
[b5_rate_slow] exx= 8.05% sigma=+0.00260 cores=107
[b5_rate_slow] exx= 8.32% sigma=+0.00255 cores=105
[b5_rate_slow] exx= 8.59% sigma=+0.00262 cores=102
[b4_pore_v2] eps=0 cores=6
[b4_pore_v2] exx= 0.25% sigma=+0.00103 cores=8
[b4_pore_v2] exx= 0.50% sigma=+0.00139 cores=4
[b4_pore_v2] exx= 0.75% sigma=+0.00173 cores=10
[b4_pore_v2] exx= 1.00% sigma=+0.00206 cores=2
[b4_pore_v2] exx= 1.26% sigma=+0.00237 cores=6
[b4_pore_v2] exx= 1.51% sigma=+0.00268 cores=6
[b4_pore_v2] exx= 1.76% sigma=+0.00298 cores=4
[b4_pore_v2] exx= 2.02% sigma=+0.00326 cores=12
[b4_pore_v2] exx= 2.27% sigma=+0.00355 cores=12
[b4_pore_v2] exx= 2.53% sigma=+0.00382 cores=6
[b4_pore_v2] exx= 2.78% sigma=+0.00410 cores=6
[b4_pore_v2] exx= 3.04% sigma=+0.00436 cores=6
[b4_pore_v2] exx= 3.30% sigma=+0.00462 cores=10
[b4_pore_v2] exx= 3.56% sigma=+0.00488 cores=2
[b4_pore_v2] exx= 3.82% sigma=+0.00513 cores=2
[b4_pore_v2] exx= 4.08% sigma=+0.00538 cores=6
[b4_pore_v2] exx= 4.34% sigma=+0.00561 cores=4
[b4_pore_v2] exx= 4.60% sigma=+0.00585 cores=5
[b4_pore_v2] exx= 4.86% sigma=+0.00607 cores=10
[b4_pore_v2] exx= 5.12% sigma=+0.00628 cores=9
[b4_pore_v2] exx= 5.38% sigma=+0.00648 cores=12
[b4_pore_v2] exx= 5.65% sigma=+0.00666 cores=11
[b4_pore_v2] exx= 5.91% sigma=+0.00681 cores=7
[b4_pore_v2] exx= 6.18% sigma=+0.00696 cores=21
[b4_pore_v2] exx= 6.44% sigma=+0.00709 cores=20
[b4_pore_v2] exx= 6.71% sigma=+0.00721 cores=16
[b4_pore_v2] exx= 6.97% sigma=+0.00732 cores=22
[b4_pore_v2] exx= 7.24% sigma=+0.00743 cores=21
[b4_pore_v2] exx= 7.51% sigma=+0.00752 cores=28
[b4_pore_v2] exx= 7.78% sigma=+0.00759 cores=15
[b4_pore_v2] exx= 8.05% sigma=+0.00766 cores=17
[b4_pore_v2] exx= 8.32% sigma=+0.00774 cores=17
[b4_pore_v2] exx= 8.59% sigma=+0.00781 cores=21
[b4_pore_v2] exx= 8.86% sigma=+0.00786 cores=15
[b4_pore_v2] exx= 9.13% sigma=+0.00791 cores=24
[b4_pore_v2] exx= 9.41% sigma=+0.00793 cores=19
[b4_pore_v2] exx= 9.68% sigma=+0.00792 cores=16
[b4_pore_v2] exx= 9.95% sigma=+0.00790 cores=15
[b4_pore_v2] exx=10.23% sigma=+0.00793 cores=18
[b4_pore_v2] exx=10.50% sigma=+0.00802 cores=18
[b4_pore_v2] done in 70s
[b4_noise_v2] eps=0 cores=0
[b4_noise_v2] exx= 0.25% sigma=+0.00121 cores=0
[b4_noise_v2] exx= 0.50% sigma=+0.00166 cores=0
[b4_noise_v2] exx= 0.75% sigma=+0.00212 cores=0
[b4_noise_v2] exx= 1.00% sigma=+0.00259 cores=0
[b4_noise_v2] exx= 1.26% sigma=+0.00305 cores=0
[b4_noise_v2] exx= 1.51% sigma=+0.00349 cores=0
[b4_noise_v2] exx= 1.76% sigma=+0.00395 cores=0
[b4_noise_v2] exx= 2.02% sigma=+0.00436 cores=0
[b4_noise_v2] exx= 2.27% sigma=+0.00480 cores=0
[b4_noise_v2] exx= 2.53% sigma=+0.00524 cores=0
[b4_noise_v2] exx= 2.78% sigma=+0.00566 cores=0
[b4_noise_v2] exx= 3.04% sigma=+0.00608 cores=0
[b4_noise_v2] exx= 3.30% sigma=+0.00648 cores=0
[b4_noise_v2] exx= 3.56% sigma=+0.00692 cores=0
[b4_noise_v2] exx= 3.82% sigma=+0.00726 cores=0
[b4_noise_v2] exx= 4.08% sigma=+0.00765 cores=0
[b4_noise_v2] exx= 4.34% sigma=+0.00805 cores=0
[b4_noise_v2] exx= 4.60% sigma=+0.00840 cores=0
[b4_noise_v2] exx= 4.86% sigma=+0.00875 cores=0
[b4_noise_v2] exx= 5.12% sigma=+0.00914 cores=0
[b4_noise_v2] exx= 5.38% sigma=+0.00945 cores=0
[b4_noise_v2] exx= 5.65% sigma=+0.00966 cores=0
[b4_noise_v2] exx= 5.91% sigma=+0.00994 cores=2
[b4_noise_v2] exx= 6.18% sigma=+0.01024 cores=1
[b4_noise_v2] exx= 6.44% sigma=+0.01058 cores=2
[b4_noise_v2] exx= 6.71% sigma=+0.01076 cores=2
[b4_noise_v2] exx= 6.97% sigma=+0.01098 cores=4
[b4_noise_v2] exx= 7.24% sigma=+0.01115 cores=2
[b4_noise_v2] exx= 7.51% sigma=+0.01139 cores=4
[b4_noise_v2] exx= 7.78% sigma=+0.01145 cores=4
[b4_noise_v2] exx= 8.05% sigma=+0.01151 cores=4
[b4_noise_v2] exx= 8.32% sigma=+0.01141 cores=5
[b4_noise_v2] exx= 8.59% sigma=+0.01144 cores=8
[b4_noise_v2] exx= 8.86% sigma=+0.01132 cores=10
[b4_noise_v2] exx= 9.13% sigma=+0.01116 cores=14
[b4_noise_v2] exx= 9.41% sigma=+0.01094 cores=18
[b4_noise_v2] exx= 9.68% sigma=+0.01075 cores=17
[b4_noise_v2] exx= 9.95% sigma=+0.01048 cores=15
[b4_noise_v2] exx=10.23% sigma=+0.01032 cores=16
[b4_noise_v2] exx=10.50% sigma=+0.01017 cores=13
[b4_noise_v2] done in 98s
Traceback (most recent call last):
  File "/Users/bojingkai/Desktop/PFC_Multiscale_Extension/src/run_b4_b5.py", line 103, in <module>
    run_case(nm, CASES[nm])
                 ~~~~~^^^^
KeyError: 'b4_noise_p03'
[b4_noise_p03] eps=0 cores=0
[b4_noise_p03] exx= 0.25% sigma=+0.00127 cores=0
[b4_noise_p03] exx= 0.50% sigma=+0.00175 cores=0
[b4_noise_p03] exx= 0.75% sigma=+0.00224 cores=0
[b4_noise_p03] exx= 1.00% sigma=+0.00273 cores=0
[b4_noise_p03] exx= 1.26% sigma=+0.00321 cores=0
[b4_noise_p03] exx= 1.51% sigma=+0.00368 cores=0
[b4_noise_p03] exx= 1.76% sigma=+0.00416 cores=0
[b4_noise_p03] exx= 2.02% sigma=+0.00462 cores=0
[b4_noise_p03] exx= 2.27% sigma=+0.00508 cores=0
[b4_noise_p03] exx= 2.53% sigma=+0.00554 cores=0
[b4_noise_p03] exx= 2.78% sigma=+0.00599 cores=0
[b4_noise_p03] exx= 3.04% sigma=+0.00643 cores=0
[b4_noise_p03] exx= 3.30% sigma=+0.00686 cores=0
[b4_noise_p03] exx= 3.56% sigma=+0.00731 cores=0
[b4_noise_p03] exx= 3.82% sigma=+0.00771 cores=0
[b4_noise_p03] exx= 4.08% sigma=+0.00813 cores=0
[b4_noise_p03] exx= 4.34% sigma=+0.00854 cores=0
[b4_noise_p03] exx= 4.60% sigma=+0.00892 cores=0
[b4_noise_p03] exx= 4.86% sigma=+0.00932 cores=0
[b4_noise_p03] exx= 5.12% sigma=+0.00970 cores=0
[b4_noise_p03] exx= 5.38% sigma=+0.01006 cores=0
[b4_noise_p03] exx= 5.65% sigma=+0.01039 cores=0
[b4_noise_p03] exx= 5.91% sigma=+0.01074 cores=0
[b4_noise_p03] exx= 6.18% sigma=+0.01108 cores=0
[b4_noise_p03] exx= 6.44% sigma=+0.01141 cores=0
[b4_noise_p03] exx= 6.71% sigma=+0.01170 cores=0
[b4_noise_p03] exx= 6.97% sigma=+0.01201 cores=0
[b4_noise_p03] exx= 7.24% sigma=+0.01229 cores=0
[b4_noise_p03] exx= 7.51% sigma=+0.01258 cores=0
[b4_noise_p03] exx= 7.78% sigma=+0.01282 cores=0
[b4_noise_p03] exx= 8.05% sigma=+0.01307 cores=0
[b4_noise_p03] exx= 8.32% sigma=+0.01327 cores=0
[b4_noise_p03] exx= 8.59% sigma=+0.01350 cores=0
[b4_noise_p03] exx= 8.86% sigma=+0.01368 cores=0
[b4_noise_p03] exx= 9.13% sigma=+0.01387 cores=0
[b4_noise_p03] exx= 9.41% sigma=+0.01404 cores=0
[b4_noise_p03] exx= 9.68% sigma=+0.01418 cores=0
[b4_noise_p03] exx= 9.95% sigma=+0.01431 cores=0
[b4_noise_p03] exx=10.23% sigma=+0.01443 cores=0
[b4_noise_p03] exx=10.50% sigma=+0.01453 cores=0
[b4_noise_p03] done in 92s
[b4_noise_p045] eps=0 cores=0
[b4_noise_p045] exx= 0.25% sigma=+0.00124 cores=0
[b4_noise_p045] exx= 0.50% sigma=+0.00172 cores=0
[b4_noise_p045] exx= 0.75% sigma=+0.00219 cores=0
[b4_noise_p045] exx= 1.00% sigma=+0.00267 cores=0
[b4_noise_p045] exx= 1.26% sigma=+0.00315 cores=0
[b4_noise_p045] exx= 1.51% sigma=+0.00360 cores=0
[b4_noise_p045] exx= 1.76% sigma=+0.00408 cores=0
[b4_noise_p045] exx= 2.02% sigma=+0.00451 cores=0
[b4_noise_p045] exx= 2.27% sigma=+0.00496 cores=0
[b4_noise_p045] exx= 2.53% sigma=+0.00542 cores=0
[b4_noise_p045] exx= 2.78% sigma=+0.00586 cores=0
[b4_noise_p045] exx= 3.04% sigma=+0.00629 cores=0
[b4_noise_p045] exx= 3.30% sigma=+0.00671 cores=0
[b4_noise_p045] exx= 3.56% sigma=+0.00715 cores=0
[b4_noise_p045] exx= 3.82% sigma=+0.00752 cores=0
[b4_noise_p045] exx= 4.08% sigma=+0.00794 cores=0
[b4_noise_p045] exx= 4.34% sigma=+0.00834 cores=0
[b4_noise_p045] exx= 4.60% sigma=+0.00871 cores=0
[b4_noise_p045] exx= 4.86% sigma=+0.00909 cores=0
[b4_noise_p045] exx= 5.12% sigma=+0.00948 cores=0
[b4_noise_p045] exx= 5.38% sigma=+0.00981 cores=0
[b4_noise_p045] exx= 5.65% sigma=+0.01011 cores=0
[b4_noise_p045] exx= 5.91% sigma=+0.01044 cores=0
[b4_noise_p045] exx= 6.18% sigma=+0.01077 cores=0
[b4_noise_p045] exx= 6.44% sigma=+0.01111 cores=0
[b4_noise_p045] exx= 6.71% sigma=+0.01138 cores=0
[b4_noise_p045] exx= 6.97% sigma=+0.01168 cores=0
[b4_noise_p045] exx= 7.24% sigma=+0.01195 cores=0
[b4_noise_p045] exx= 7.51% sigma=+0.01223 cores=0
[b4_noise_p045] exx= 7.78% sigma=+0.01245 cores=0
[b4_noise_p045] exx= 8.05% sigma=+0.01268 cores=0
[b4_noise_p045] exx= 8.32% sigma=+0.01284 cores=0
[b4_noise_p045] exx= 8.59% sigma=+0.01310 cores=0
[b4_noise_p045] exx= 8.86% sigma=+0.01325 cores=0
[b4_noise_p045] exx= 9.13% sigma=+0.01343 cores=0
[b4_noise_p045] exx= 9.41% sigma=+0.01358 cores=0
[b4_noise_p045] exx= 9.68% sigma=+0.01364 cores=2
[b4_noise_p045] exx= 9.95% sigma=+0.01358 cores=5
[b4_noise_p045] exx=10.23% sigma=+0.01350 cores=5
[b4_noise_p045] exx=10.50% sigma=+0.01348 cores=5
[b4_noise_p045] done in 92s
