[r-0.35_x100_s7] done 42s, sigma@8%=0.01133
[r-0.35_x100_s11] done 44s, sigma@8%=0.01083
[r-0.35_x400_s7] done 118s, sigma@8%=0.00852
[r-0.35_x400_s11] done 120s, sigma@8%=0.00853
[r-0.35_x1600_s7] done 817s, sigma@8%=0.00660
[r-0.35_x1600_s11] done 370s, sigma@8%=0.00723
[r-0.21_x100_s7] done 37s, sigma@8%=0.00367
[r-0.21_x100_s11] done 38s, sigma@8%=0.00380
[r-0.21_x400_s7] done 105s, sigma@8%=0.00226
[r-0.21_x400_s11] done 105s, sigma@8%=0.00202
[r-0.21_x1600_s7] done 365s, sigma@8%=0.00138
[r-0.21_x1600_s11] done 364s, sigma@8%=0.00121
{
 "-0.35": {
  "flow_at_8pct": [
   0.010947955646938111,
   0.00850469139091719,
   0.006910523537986356
  ],
  "m": 0.16594864433241985
 },
 "-0.21": {
  "flow_at_8pct": [
   0.0036846193878631826,
   0.002147428048567439,
   0.0013023150342009778
  ],
  "m": 0.3751092792156924
 },
 "diffusive_reference": {
  "-0.35": 0.186,
  "-0.21": 0.402
 }
}
